[    5023ms] [LOG] Error @ https://cooking.nytimes.com/recipe-box:23
[    5371ms] [WARNING] [JavaScript Warning: "downloadable font: OS/2: Bad sTypoLineGap, setting it to 0: -577 (font-family: "nyt-cheltenham" style:normal weight:300 stretch:100 src index:0) source: https://g1.nyt.com/fonts/family/cheltenham/cheltenham-normal-300.7ea91ebd036309e1fe756ee3aab272da.woff2"] @ :64
[    6626ms] [WARNING] JSHandle@object Error @ https://cooking.nytimes.com/v5.01-k8s/_next/static/chunks/sentry-99a29375f924fe1e.js:4
[    6632ms] [WARNING] [JavaScript Warning: "Loading failed for the <script> with source “https://www.googletagmanager.com/gtm.js?id=GTM-WV45RD&gtm_cookies_win=x&gtm_auth=Pq5EB1YGWLHKPT262NMvkQ&gtm_preview=env-193”." {file: "https://cooking.nytimes.com/recipe-box" line: 1}] @ https://cooking.nytimes.com/recipe-box:1
[    6821ms] [WARNING] [JavaScript Warning: "Content-Security-Policy: Ignoring ‘block-all-mixed-content’ because mixed content display upgrading makes block-all-mixed-content obsolete." {file: "https://myaccount.nytimes.com/auth/login?response_type=cookie&client_id=cooking&application=Cooking&asset=unauthorized-recipebox&redirect_uri=https%3A%2F%2Fwww.nytimes.com%2Fsubscription%2Fcooking-onboarding-offer%3Fredirect_uri%3Dhttps%253A%252F%252Fcooking.nytimes.com%252Frecipe-box" line: 0}] @ https://myaccount.nytimes.com/auth/login?response_type=cookie&client_id=cooking&application=Cooking&asset=unauthorized-recipebox&redirect_uri=https%3A%2F%2Fwww.nytimes.com%2Fsubscription%2Fcooking-onboarding-offer%3Fredirect_uri%3Dhttps%253A%252F%252Fcooking.nytimes.com%252Frecipe-box:0
[    7347ms] [WARNING] [JavaScript Warning: "Loading failed for the <script> with source “https://s.go-mpulse.net/boomerang/ATH8A-MAMN8-XPXCH-N5KAX-8D239”." {file: "https://myaccount.nytimes.com/auth/login?response_type=cookie&client_id=cooking&application=Cooking&asset=unauthorized-recipebox&redirect_uri=https%3A%2F%2Fwww.nytimes.com%2Fsubscription%2Fcooking-onboarding-offer%3Fredirect_uri%3Dhttps%253A%252F%252Fcooking.nytimes.com%252Frecipe-box" line: 1}] @ https://myaccount.nytimes.com/auth/login?response_type=cookie&client_id=cooking&application=Cooking&asset=unauthorized-recipebox&redirect_uri=https%3A%2F%2Fwww.nytimes.com%2Fsubscription%2Fcooking-onboarding-offer%3Fredirect_uri%3Dhttps%253A%252F%252Fcooking.nytimes.com%252Frecipe-box:1
[    7395ms] [WARNING] [JavaScript Warning: "window.controllers/Controllers is deprecated. Do not use it for UA detection." {file: "https://dd.nytimes.com/tags.js" line: 2}] @ https://dd.nytimes.com/tags.js:2
[    7412ms] [ERROR] [JavaScript Error: "Content-Security-Policy: The page’s settings blocked a worker script (worker-src) at blob:https://myaccount.nytimes.com/3db844da-4c4b-461e-b89f-4486c0d84b30 from being executed because it violates the following directive: “script-src 'self' 'unsafe-inline' 'unsafe-eval' https://*.nytimes.com https://*.nyt.com https://www.gstatic.com https://www.google.com https://www.googletagmanager.com https://www.google-analytics.com https://sc-static.net https://js.datadome.co https://*.go-mpulse.net”" {file: "https://myaccount.nytimes.com/auth/login?response_type=cookie&client_id=cooking&application=Cooking&asset=unauthorized-recipebox&redirect_uri=https%3A%2F%2Fwww.nytimes.com%2Fsubscription%2Fcooking-onboarding-offer%3Fredirect_uri%3Dhttps%253A%252F%252Fcooking.nytimes.com%252Frecipe-box" line: 0}] @ https://myaccount.nytimes.com/auth/login?response_type=cookie&client_id=cooking&application=Cooking&asset=unauthorized-recipebox&redirect_uri=https%3A%2F%2Fwww.nytimes.com%2Fsubscription%2Fcooking-onboarding-offer%3Fredirect_uri%3Dhttps%253A%252F%252Fcooking.nytimes.com%252Frecipe-box:0
[   19055ms] [ERROR] UserInfoAgentID unavailable. @ https://myaccount.nytimes.com/auth/login?response_type=cookie&client_id=cooking&application=Cooking&asset=unauthorized-recipebox&redirect_uri=https%3A%2F%2Fwww.nytimes.com%2Fsubscription%2Fcooking-onboarding-offer%3Fredirect_uri%3Dhttps%253A%252F%252Fcooking.nytimes.com%252Frecipe-box:262
[   30795ms] [LOG] Error @ https://www.nytimes.com/subscription/cooking-onboarding-offer?redirect_uri=https%3A%2F%2Fcooking.nytimes.com%2Frecipe-box&login=google&auth=login-google:35
[   30996ms] [WARNING] [JavaScript Warning: "Ignoring unsupported entryTypes: longtask." {file: "https://www.datadoghq-browser-agent.com/us1/v7/datadog-rum.js" line: 1}] @ https://www.datadoghq-browser-agent.com/us1/v7/datadog-rum.js:1
[   31226ms] [WARNING] [JavaScript Warning: "The value of the attribute “expires” for the cookie “AWSALB” has been overwritten." {file: "https://samizdat-graphql.nytimes.com/graphql/v2?extensions=%7B%22persistedQuery%22%3A%7B%22version%22%3A1%2C%22sha256Hash%22%3A%2279a96127e043d767420d83f37f8d909dd3507bba7bbdd038a657ffed73df5aad%22%7D%7D&operationName=UserQuery&variables=%7B%7D" line: 0}] @ https://samizdat-graphql.nytimes.com/graphql/v2?extensions=%7B%22persistedQuery%22%3A%7B%22version%22%3A1%2C%22sha256Hash%22%3A%2279a96127e043d767420d83f37f8d909dd3507bba7bbdd038a657ffed73df5aad%22%7D%7D&operationName=UserQuery&variables=%7B%7D:0
[   31227ms] [WARNING] [JavaScript Warning: "The value of the attribute “path” for the cookie “AWSALB” has been overwritten." {file: "https://samizdat-graphql.nytimes.com/graphql/v2?extensions=%7B%22persistedQuery%22%3A%7B%22version%22%3A1%2C%22sha256Hash%22%3A%2279a96127e043d767420d83f37f8d909dd3507bba7bbdd038a657ffed73df5aad%22%7D%7D&operationName=UserQuery&variables=%7B%7D" line: 0}] @ https://samizdat-graphql.nytimes.com/graphql/v2?extensions=%7B%22persistedQuery%22%3A%7B%22version%22%3A1%2C%22sha256Hash%22%3A%2279a96127e043d767420d83f37f8d909dd3507bba7bbdd038a657ffed73df5aad%22%7D%7D&operationName=UserQuery&variables=%7B%7D:0
[   31227ms] [WARNING] [JavaScript Warning: "The value of the attribute “expires” for the cookie “AWSALB” has been overwritten." {file: "https://samizdat-graphql.nytimes.com/graphql/v2?extensions=%7B%22persistedQuery%22%3A%7B%22version%22%3A1%2C%22sha256Hash%22%3A%2279a96127e043d767420d83f37f8d909dd3507bba7bbdd038a657ffed73df5aad%22%7D%7D&operationName=UserQuery&variables=%7B%7D" line: 0}] @ https://samizdat-graphql.nytimes.com/graphql/v2?extensions=%7B%22persistedQuery%22%3A%7B%22version%22%3A1%2C%22sha256Hash%22%3A%2279a96127e043d767420d83f37f8d909dd3507bba7bbdd038a657ffed73df5aad%22%7D%7D&operationName=UserQuery&variables=%7B%7D:0
[   31227ms] [WARNING] [JavaScript Warning: "The value of the attribute “path” for the cookie “AWSALB” has been overwritten." {file: "https://samizdat-graphql.nytimes.com/graphql/v2?extensions=%7B%22persistedQuery%22%3A%7B%22version%22%3A1%2C%22sha256Hash%22%3A%2279a96127e043d767420d83f37f8d909dd3507bba7bbdd038a657ffed73df5aad%22%7D%7D&operationName=UserQuery&variables=%7B%7D" line: 0}] @ https://samizdat-graphql.nytimes.com/graphql/v2?extensions=%7B%22persistedQuery%22%3A%7B%22version%22%3A1%2C%22sha256Hash%22%3A%2279a96127e043d767420d83f37f8d909dd3507bba7bbdd038a657ffed73df5aad%22%7D%7D&operationName=UserQuery&variables=%7B%7D:0
[   31227ms] [WARNING] [JavaScript Warning: "The value of the attribute “expires” for the cookie “AWSALB” has been overwritten." {file: "https://samizdat-graphql.nytimes.com/graphql/v2?extensions=%7B%22persistedQuery%22%3A%7B%22version%22%3A1%2C%22sha256Hash%22%3A%2279a96127e043d767420d83f37f8d909dd3507bba7bbdd038a657ffed73df5aad%22%7D%7D&operationName=UserQuery&variables=%7B%7D" line: 0}] @ https://samizdat-graphql.nytimes.com/graphql/v2?extensions=%7B%22persistedQuery%22%3A%7B%22version%22%3A1%2C%22sha256Hash%22%3A%2279a96127e043d767420d83f37f8d909dd3507bba7bbdd038a657ffed73df5aad%22%7D%7D&operationName=UserQuery&variables=%7B%7D:0
[   31227ms] [WARNING] [JavaScript Warning: "The value of the attribute “path” for the cookie “AWSALB” has been overwritten." {file: "https://samizdat-graphql.nytimes.com/graphql/v2?extensions=%7B%22persistedQuery%22%3A%7B%22version%22%3A1%2C%22sha256Hash%22%3A%2279a96127e043d767420d83f37f8d909dd3507bba7bbdd038a657ffed73df5aad%22%7D%7D&operationName=UserQuery&variables=%7B%7D" line: 0}] @ https://samizdat-graphql.nytimes.com/graphql/v2?extensions=%7B%22persistedQuery%22%3A%7B%22version%22%3A1%2C%22sha256Hash%22%3A%2279a96127e043d767420d83f37f8d909dd3507bba7bbdd038a657ffed73df5aad%22%7D%7D&operationName=UserQuery&variables=%7B%7D:0
[   31602ms] [LOG] <!--
         0000000                         000        0000000
       111111111      11111111100          000      111111111
       00000        111111111111111111      00000      000000
       000        1111111111111111111111111100000         000
       000        1111       1111111111111111100          000
       000         11       0     1111111100              000
       000          1      00             1               000
       000               00      00       1               000
       000             000    00000       1               000
    00000            0000  00000000       1                00000
  11111            000 00    000000      000                 11111
    00000          0000      000000     00000              00000
       000        10000      000000      000              0000
       000        00000      000000       1               000
       000        000000     10000        1     0         000
       000        1000000 00              1    00         000
       000         1111111                1 0000          000
       000          1111111100           000000           000
       0000          111111111111111110000000            0000
       111111111        111111111111100000          111111111
         0000000              00000000              0000000

      NYTimes.com: All the code that's fit to window.print()!
      We're hiring: https://boards.greenhouse.io/thenewyorktimes
   --> @ https://www.datadoghq-browser-agent.com/us1/v7/datadog-rum.js:0
[   31680ms] [WARNING] et2 snippet should only load once per page @ https://www.datadoghq-browser-agent.com/us1/v7/datadog-rum.js:0
[   31787ms] [WARNING] [JavaScript Warning: "window.controllers/Controllers is deprecated. Do not use it for UA detection." {file: "https://dd.nytimes.com/tags.js" line: 2}] @ https://dd.nytimes.com/tags.js:2
[   32334ms] [LOG] GTM PTag v1.4; tagId: 2612709798038 @ https://www.datadoghq-browser-agent.com/us1/v7/datadog-rum.js:0
[   32727ms] [INFO] [JavaScript Error: "Reporting Header: invalid JSON value received." {file: "https://www.googletagmanager.com/gtag/destination?id=DC-5290727&cx=c&gtm=4e65r0" line: 0}] @ https://www.googletagmanager.com/gtag/destination?id=DC-5290727&cx=c&gtm=4e65r0:0
[   32734ms] [WARNING] [JavaScript Warning: "Content-Security-Policy: Ignoring “'unsafe-inline'” within script-src: nonce-source or hash-source specified" {file: "https://pay.google.com/gp/p/ui/payframe?origin=https%3A%2F%2Fwww.nytimes.com&mid=" line: 0}] @ https://pay.google.com/gp/p/ui/payframe?origin=https%3A%2F%2Fwww.nytimes.com&mid=:0
[   32823ms] [LOG] GTM PTag v1.4; tagId: 2612709798038 @ https://www.datadoghq-browser-agent.com/us1/v7/datadog-rum.js:0
[   32831ms] [LOG] Firing Pinterest event: pagevisit @ https://www.datadoghq-browser-agent.com/us1/v7/datadog-rum.js:0
[   32833ms] [LOG] Event Data:{"np":"gtm","gtm_version":"legacy"} @ https://www.datadoghq-browser-agent.com/us1/v7/datadog-rum.js:0
[   32914ms] [INFO] [JavaScript Error: "Reporting Header: invalid JSON value received." {file: "https://www.googletagmanager.com/gtag/destination?id=AW-1008590664&cx=c&gtm=4e65r0" line: 0}] @ https://www.googletagmanager.com/gtag/destination?id=AW-1008590664&cx=c&gtm=4e65r0:0
[   33163ms] [WARNING]   WARN  [Statsig] Creating multiple Statsig clients with the same SDK key can lead to unexpected behavior. Multi-instance support requires different SDK keys. @ https://www.datadoghq-browser-agent.com/us1/v7/datadog-rum.js:0
[   33186ms] [WARNING] [JavaScript Warning: "unreachable code after return statement" {file: "https://www.googletagmanager.com/gtm.js?id=GTM-K8KT2QC&gtm=4e65r0" line: 1}] @ https://www.googletagmanager.com/gtm.js?id=GTM-K8KT2QC&gtm=4e65r0:1
[   33186ms] [WARNING] [JavaScript Warning: "Loading failed for the <script> with source “https://www.gstatic.com/_/mss/boq-payments-consumer/_/js/k=boq-payments-consumer.InstantbuyFrontendBuyflowPayframeUi.en.z4NwQBYAyJM.2018.O/am=AAAAAGAD/d=1/excm=_b,_tp,payframeview/ed=1/dg=0/wt=2/ujg=1/rs=AMitfrhozjizFb9UauD6meZd4vi0SL48QA/dti=1/m=_b,_tp”." {file: "https://pay.google.com/gp/p/ui/payframe?origin=https%3A%2F%2Fwww.nytimes.com&mid=" line: 19}] @ https://pay.google.com/gp/p/ui/payframe?origin=https%3A%2F%2Fwww.nytimes.com&mid=:19
[   33187ms] [WARNING] [JavaScript Warning: "Loading failed for the <script> with source “https://c.amazon-adsystem.com/aat/amzn.js”." {file: "https://www.nytimes.com/subscription/cooking-onboarding-offer?redirect_uri=https%3A%2F%2Fcooking.nytimes.com%2Frecipe-box&login=google&auth=login-google" line: 1}] @ https://www.nytimes.com/subscription/cooking-onboarding-offer?redirect_uri=https%3A%2F%2Fcooking.nytimes.com%2Frecipe-box&login=google&auth=login-google:1
[   33187ms] [WARNING] [JavaScript Warning: "Loading failed for the <script> with source “https://s.pinimg.com/ct/lib/main.948ee93e.js”." {file: "https://www.nytimes.com/subscription/cooking-onboarding-offer?redirect_uri=https%3A%2F%2Fcooking.nytimes.com%2Frecipe-box&login=google&auth=login-google" line: 1}] @ https://www.nytimes.com/subscription/cooking-onboarding-offer?redirect_uri=https%3A%2F%2Fcooking.nytimes.com%2Frecipe-box&login=google&auth=login-google:1
[   33187ms] [WARNING] [JavaScript Warning: "Synchronous XMLHttpRequest on the main thread is deprecated because of its detrimental effects to the end user’s experience. For more help https://xhr.spec.whatwg.org/#sync-warning" {file: "https://www.datadoghq-browser-agent.com/us1/v7/datadog-rum.js" line: 1}] @ https://www.datadoghq-browser-agent.com/us1/v7/datadog-rum.js:1
[   33187ms] [WARNING] [JavaScript Warning: "Loading failed for the <script> with source “https://analytics.tiktok.com/i18n/pixel/events.js?sdkid=CL4H1G3C77U52JAL1NKG&lib=ttq”." {file: "https://www.nytimes.com/subscription/cooking-onboarding-offer?redirect_uri=https%3A%2F%2Fcooking.nytimes.com%2Frecipe-box&login=google&auth=login-google" line: 1}] @ https://www.nytimes.com/subscription/cooking-onboarding-offer?redirect_uri=https%3A%2F%2Fcooking.nytimes.com%2Frecipe-box&login=google&auth=login-google:1
[   33188ms] [WARNING] [JavaScript Warning: "Loading failed for the <script> with source “https://tr.snapchat.com/config/com/e1c4c748-041c-4910-989a-1847d8a95fb2.js?v=3.56.1-2604231811”." {file: "https://www.nytimes.com/subscription/cooking-onboarding-offer?redirect_uri=https%3A%2F%2Fcooking.nytimes.com%2Frecipe-box&login=google&auth=login-google" line: 1}] @ https://www.nytimes.com/subscription/cooking-onboarding-offer?redirect_uri=https%3A%2F%2Fcooking.nytimes.com%2Frecipe-box&login=google&auth=login-google:1
[   33188ms] [WARNING] [JavaScript Warning: "Loading failed for the <script> with source “https://www.redditstatic.com/ads/pixel.js”." {file: "https://www.nytimes.com/subscription/cooking-onboarding-offer?redirect_uri=https%3A%2F%2Fcooking.nytimes.com%2Frecipe-box&login=google&auth=login-google" line: 1}] @ https://www.nytimes.com/subscription/cooking-onboarding-offer?redirect_uri=https%3A%2F%2Fcooking.nytimes.com%2Frecipe-box&login=google&auth=login-google:1
[   33188ms] [WARNING] [JavaScript Warning: "Loading failed for the <script> with source “https://static.chartbeat.com/js/chartbeat_video.js”." {file: "https://www.nytimes.com/subscription/cooking-onboarding-offer?redirect_uri=https%3A%2F%2Fcooking.nytimes.com%2Frecipe-box&login=google&auth=login-google" line: 1}] @ https://www.nytimes.com/subscription/cooking-onboarding-offer?redirect_uri=https%3A%2F%2Fcooking.nytimes.com%2Frecipe-box&login=google&auth=login-google:1
[   33188ms] [WARNING] [JavaScript Warning: "Loading failed for the <script> with source “https://apps.rokt-api.com/js/v2/us2-c3efe7d669fbdf44bc3dafeefdb64b38/app.js?env=0&”." {file: "https://www.nytimes.com/subscription/cooking-onboarding-offer?redirect_uri=https%3A%2F%2Fcooking.nytimes.com%2Frecipe-box&login=google&auth=login-google" line: 1}] @ https://www.nytimes.com/subscription/cooking-onboarding-offer?redirect_uri=https%3A%2F%2Fcooking.nytimes.com%2Frecipe-box&login=google&auth=login-google:1
[   33786ms] [WARNING] [JavaScript Warning: "Loading failed for the <script> with source “https://googleads.g.doubleclick.net/pagead/viewthroughconversion/1008590664/?random=1779992712065&cv=11&fst=1779992712065&bg=ffffff&guid=ON&async=1&gtm=45be65r0v878785640z8899826384za20gzb899826384zd72703797xea&gcd=13t3t3t3t5l1&dma=0&tag_exp=0~115938465~115938468~116701382~118131810~119034493&u_w=1920&u_h=1080&url=https%3A%2F%2Fwww.nytimes.com%2Fsubscription%2Fcooking-onboarding-offer%3Fredirect_uri%3Dhttps%253A%252F%252Fcooking.nytimes.com%252Frecipe-box%26login%3Dgoogle%26auth%3Dlogin-google&ref=https%3A%2F%2Fmyaccount.nytimes.com%2F&rcb=13&frm=0&tiba=The%20New%20York%20Times%3A%20Digital%20and%20Home%20Delivery%20Subscriptions&hn=www.googleadservices.com&npa=0&pscdl=noapi&auid=432053862.1779992712&_tu=aA&data=ads_data_redaction%3Dfalse&rfmt=3&fmt=4”." {file: "https://www.nytimes.com/subscription/cooking-onboarding-offer?redirect_uri=https%3A%2F%2Fcooking.nytimes.com%2Frecipe-box&login=google&auth=login-google" line: 1}] @ https://www.nytimes.com/subscription/cooking-onboarding-offer?redirect_uri=https%3A%2F%2Fcooking.nytimes.com%2Frecipe-box&login=google&auth=login-google:1
[   33970ms] [WARNING] [JavaScript Warning: "unreachable code after return statement" {file: "https://www.googletagmanager.com/gtm.js?id=GTM-K8KT2QC&gtm=4e65r0" line: 1}] @ https://www.googletagmanager.com/gtm.js?id=GTM-K8KT2QC&gtm=4e65r0:1
[   35229ms] [LOG] Error @ https://cooking.nytimes.com/recipe-box:23
[   35317ms] [WARNING] [JavaScript Warning: "downloadable font: OS/2: Bad sTypoLineGap, setting it to 0: -577 (font-family: "nyt-cheltenham" style:normal weight:300 stretch:100 src index:0) source: https://g1.nyt.com/fonts/family/cheltenham/cheltenham-normal-300.7ea91ebd036309e1fe756ee3aab272da.woff2"] @ :64
[   35973ms] [WARNING] [JavaScript Warning: "The value of the attribute “expires” for the cookie “AWSALB” has been overwritten." {file: "https://samizdat-graphql.nytimes.com/graphql/v2" line: 0}] @ https://samizdat-graphql.nytimes.com/graphql/v2:0
[   35973ms] [WARNING] [JavaScript Warning: "The value of the attribute “path” for the cookie “AWSALB” has been overwritten." {file: "https://samizdat-graphql.nytimes.com/graphql/v2" line: 0}] @ https://samizdat-graphql.nytimes.com/graphql/v2:0
[   36078ms] [WARNING] [JavaScript Warning: "Content-Security-Policy: Ignoring ‘block-all-mixed-content’ because mixed content display upgrading makes block-all-mixed-content obsolete." {file: "https://myaccount.nytimes.com/auth/iframe/check-email?response_type=cookie&client_id=cooking&redirect_uri=undefined&display=cooking/newsletter-form/footer&application=Cooking&preloaded=false#lire-ui-196840" line: 0}] @ https://myaccount.nytimes.com/auth/iframe/check-email?response_type=cookie&client_id=cooking&redirect_uri=undefined&display=cooking/newsletter-form/footer&application=Cooking&preloaded=false#lire-ui-196840:0
[   36193ms] [WARNING] [JavaScript Warning: "Loading failed for the <script> with source “https://s.go-mpulse.net/boomerang/ATH8A-MAMN8-XPXCH-N5KAX-8D239”." {file: "https://myaccount.nytimes.com/auth/iframe/check-email?response_type=cookie&client_id=cooking&redirect_uri=undefined&display=cooking/newsletter-form/footer&application=Cooking&preloaded=false#lire-ui-196840" line: 1}] @ https://myaccount.nytimes.com/auth/iframe/check-email?response_type=cookie&client_id=cooking&redirect_uri=undefined&display=cooking/newsletter-form/footer&application=Cooking&preloaded=false#lire-ui-196840:1
[   36251ms] [WARNING] Statsig skipped: missing or invalid statsig bootstrap in authOptions. @ https://myaccount.nytimes.com/lire_ui/js/check-email.bundle.js?v=583daad:1
[   36604ms] [INFO] [JavaScript Error: "Reporting Header: invalid JSON value received." {file: "https://www.googletagmanager.com/gtag/destination?id=DC-5290727&cx=c&gtm=4e65r0h1" line: 0}] @ https://www.googletagmanager.com/gtag/destination?id=DC-5290727&cx=c&gtm=4e65r0h1:0
[   36710ms] [ERROR] [JavaScript Error: "Cookie “fides_consent” has been rejected for invalid domain." {file: "https://cooking.nytimes.com/recipe-box" line: 0}] @ https://cooking.nytimes.com/recipe-box:0
[   36711ms] [ERROR] [JavaScript Error: "Cookie “fides_consent” has been rejected for invalid domain." {file: "https://cooking.nytimes.com/recipe-box" line: 0}] @ https://cooking.nytimes.com/recipe-box:0
[   36906ms] [WARNING]   WARN  [Statsig] Creating multiple Statsig clients with the same SDK key can lead to unexpected behavior. Multi-instance support requires different SDK keys. @ https://cooking.nytimes.com/v5.01-k8s/_next/static/chunks/sentry-99a29375f924fe1e.js:4
[   49294ms] [ERROR] UserInfoAgentID unavailable. @ https://myaccount.nytimes.com/auth/iframe/check-email?response_type=cookie&client_id=cooking&redirect_uri=undefined&display=cooking/newsletter-form/footer&application=Cooking&preloaded=false#lire-ui-196840:215
